--------------------------------------------------------------------------------
Release 13.2 Trace  (nt64)
Copyright (c) 1995-2011 Xilinx, Inc.  All rights reserved.

C:\Xilinx\13.2\ISE_DS\ISE\bin\nt64\unwrapped\trce.exe -e 3 -xml system.twx
system.ncd system.pcf

Design file:              system.ncd
Physical constraint file: system.pcf
Device,package,speed:     xc3s1600e,fg320,-4 (PRODUCTION 1.27 2011-06-20)
Report level:             error report

Environment Variable      Effect 
--------------------      ------ 
NONE                      No environment variables were set
--------------------------------------------------------------------------------

INFO:Timing:2802 - Read 102 constraints.  If you are experiencing memory or 
   runtime issues it may help to consolidate some of these constraints.  For 
   more details please do a search for "timing:2802" at 
   http://www.xilinx.com/support.
WARNING:Timing:3223 - Timing constraint PATH "TS_MPLB2TFT_xps_tft_0_path" TIG; 
   ignored during timing analysis.
INFO:Timing:3386 - Intersecting Constraints found and resolved.  For more 
   information, see the TSI report.  Please consult the Xilinx Command Line 
   Tools User Guide for information on generating a TSI report.
INFO:Timing:2752 - To get complete path coverage, use the unconstrained paths 
   option. All paths that are not constrained will be reported in the 
   unconstrained paths section(s) of the report.
INFO:Timing:3339 - The clock-to-out numbers in this timing report are based on 
   a 50 Ohm transmission line loading model.  For the details of this model, 
   and for more information on accounting for different loading conditions, 
   please see the device datasheet.
INFO:Timing:3390 - This architecture does not support a default System Jitter 
   value, please add SYSTEM_JITTER constraint to the UCF to modify the Clock 
   Uncertainty calculation.
INFO:Timing:3389 - This architecture does not support 'Discrete Jitter' and 
   'Phase Error' calculations, these terms will be zero in the Clock 
   Uncertainty calculation.  Please make appropriate modification to 
   SYSTEM_JITTER to account for the unsupported Discrete Jitter and Phase 
   Error.

================================================================================
Timing constraint: NET         
"DDR_SDRAM/DDR_SDRAM/mpmc_core_0/gen_s3_ddr_phy.mpmc_phy_if_0/data_path/
data_read_controller/rst_dqs_div"         MAXDELAY = 2 ns;

 1 net analyzed, 0 failing nets detected.
 0 timing errors detected.
 Maximum net delay is   1.662ns.
--------------------------------------------------------------------------------

================================================================================
Timing constraint: NET         
"DDR_SDRAM/DDR_SDRAM/mpmc_core_0/gen_s3_ddr_phy.mpmc_phy_if_0/data_path/
fifo_0_wr_en<0>"         MAXDELAY = 2 ns;

 1 net analyzed, 0 failing nets detected.
 0 timing errors detected.
 Maximum net delay is   1.143ns.
--------------------------------------------------------------------------------

================================================================================
Timing constraint: NET         
"DDR_SDRAM/DDR_SDRAM/mpmc_core_0/gen_s3_ddr_phy.mpmc_phy_if_0/data_path/
fifo_0_wr_en<1>"         MAXDELAY = 2 ns;

 1 net analyzed, 0 failing nets detected.
 0 timing errors detected.
 Maximum net delay is   1.710ns.
--------------------------------------------------------------------------------

================================================================================
Timing constraint: NET         
"DDR_SDRAM/DDR_SDRAM/mpmc_core_0/gen_s3_ddr_phy.mpmc_phy_if_0/data_path/
fifo_1_wr_en<0>"         MAXDELAY = 2 ns;

 1 net analyzed, 0 failing nets detected.
 0 timing errors detected.
 Maximum net delay is   1.243ns.
--------------------------------------------------------------------------------

================================================================================
Timing constraint: NET         
"DDR_SDRAM/DDR_SDRAM/mpmc_core_0/gen_s3_ddr_phy.mpmc_phy_if_0/data_path/
fifo_1_wr_en<1>"         MAXDELAY = 2 ns;

 1 net analyzed, 0 failing nets detected.
 0 timing errors detected.
 Maximum net delay is   1.886ns.
--------------------------------------------------------------------------------

================================================================================
Timing constraint: NET         
"DDR_SDRAM/DDR_SDRAM/mpmc_core_0/gen_s3_ddr_phy.mpmc_phy_if_0/data_path/
data_read/fifo_0_wr_addr_out<0><0>"         MAXDELAY = 2.5 ns;

 1 net analyzed, 0 failing nets detected.
 0 timing errors detected.
 Maximum net delay is   1.745ns.
--------------------------------------------------------------------------------

================================================================================
Timing constraint: NET         
"DDR_SDRAM/DDR_SDRAM/mpmc_core_0/gen_s3_ddr_phy.mpmc_phy_if_0/data_path/
data_read/fifo_0_wr_addr_out<0><2>"         MAXDELAY = 2.5 ns;

 1 net analyzed, 0 failing nets detected.
 0 timing errors detected.
 Maximum net delay is   1.413ns.
--------------------------------------------------------------------------------

================================================================================
Timing constraint: NET         
"DDR_SDRAM/DDR_SDRAM/mpmc_core_0/gen_s3_ddr_phy.mpmc_phy_if_0/data_path/
data_read/fifo_0_wr_addr_out<0><3>"         MAXDELAY = 2.5 ns;

 1 net analyzed, 0 failing nets detected.
 0 timing errors detected.
 Maximum net delay is   1.520ns.
--------------------------------------------------------------------------------

================================================================================
Timing constraint: NET         
"DDR_SDRAM/DDR_SDRAM/mpmc_core_0/gen_s3_ddr_phy.mpmc_phy_if_0/data_path/
data_read/fifo_0_wr_addr_out<0><1>"         MAXDELAY = 2.5 ns;

 1 net analyzed, 0 failing nets detected.
 0 timing errors detected.
 Maximum net delay is   1.468ns.
--------------------------------------------------------------------------------

================================================================================
Timing constraint: NET         
"DDR_SDRAM/DDR_SDRAM/mpmc_core_0/gen_s3_ddr_phy.mpmc_phy_if_0/data_path/
data_read/fifo_1_wr_addr_out<0><0>"         MAXDELAY = 2.5 ns;

 1 net analyzed, 0 failing nets detected.
 0 timing errors detected.
 Maximum net delay is   1.566ns.
--------------------------------------------------------------------------------

================================================================================
Timing constraint: NET         
"DDR_SDRAM/DDR_SDRAM/mpmc_core_0/gen_s3_ddr_phy.mpmc_phy_if_0/data_path/
data_read/fifo_1_wr_addr_out<0><2>"         MAXDELAY = 2.5 ns;

 1 net analyzed, 0 failing nets detected.
 0 timing errors detected.
 Maximum net delay is   1.589ns.
--------------------------------------------------------------------------------

================================================================================
Timing constraint: NET         
"DDR_SDRAM/DDR_SDRAM/mpmc_core_0/gen_s3_ddr_phy.mpmc_phy_if_0/data_path/
data_read/fifo_1_wr_addr_out<0><3>"         MAXDELAY = 2.5 ns;

 1 net analyzed, 0 failing nets detected.
 0 timing errors detected.
 Maximum net delay is   1.892ns.
--------------------------------------------------------------------------------

================================================================================
Timing constraint: NET         
"DDR_SDRAM/DDR_SDRAM/mpmc_core_0/gen_s3_ddr_phy.mpmc_phy_if_0/data_path/
data_read/fifo_1_wr_addr_out<0><1>"         MAXDELAY = 2.5 ns;

 1 net analyzed, 0 failing nets detected.
 0 timing errors detected.
 Maximum net delay is   1.562ns.
--------------------------------------------------------------------------------

================================================================================
Timing constraint: NET         
"DDR_SDRAM/DDR_SDRAM/mpmc_core_0/gen_s3_ddr_phy.mpmc_phy_if_0/data_path/
data_read/fifo_0_wr_addr_out<1><0>"         MAXDELAY = 2.5 ns;

 1 net analyzed, 0 failing nets detected.
 0 timing errors detected.
 Maximum net delay is   1.816ns.
--------------------------------------------------------------------------------

================================================================================
Timing constraint: NET         
"DDR_SDRAM/DDR_SDRAM/mpmc_core_0/gen_s3_ddr_phy.mpmc_phy_if_0/data_path/
data_read/fifo_0_wr_addr_out<1><2>"         MAXDELAY = 2.5 ns;

 1 net analyzed, 0 failing nets detected.
 0 timing errors detected.
 Maximum net delay is   1.990ns.
--------------------------------------------------------------------------------

================================================================================
Timing constraint: NET         
"DDR_SDRAM/DDR_SDRAM/mpmc_core_0/gen_s3_ddr_phy.mpmc_phy_if_0/data_path/
data_read/fifo_0_wr_addr_out<1><3>"         MAXDELAY = 2.5 ns;

 1 net analyzed, 0 failing nets detected.
 0 timing errors detected.
 Maximum net delay is   1.990ns.
--------------------------------------------------------------------------------

================================================================================
Timing constraint: NET         
"DDR_SDRAM/DDR_SDRAM/mpmc_core_0/gen_s3_ddr_phy.mpmc_phy_if_0/data_path/
data_read/fifo_0_wr_addr_out<1><1>"         MAXDELAY = 2.5 ns;

 1 net analyzed, 0 failing nets detected.
 0 timing errors detected.
 Maximum net delay is   2.366ns.
--------------------------------------------------------------------------------

================================================================================
Timing constraint: NET         
"DDR_SDRAM/DDR_SDRAM/mpmc_core_0/gen_s3_ddr_phy.mpmc_phy_if_0/data_path/
data_read/fifo_1_wr_addr_out<1><0>"         MAXDELAY = 2.5 ns;

 1 net analyzed, 0 failing nets detected.
 0 timing errors detected.
 Maximum net delay is   2.424ns.
--------------------------------------------------------------------------------

================================================================================
Timing constraint: NET         
"DDR_SDRAM/DDR_SDRAM/mpmc_core_0/gen_s3_ddr_phy.mpmc_phy_if_0/data_path/
data_read/fifo_1_wr_addr_out<1><2>"         MAXDELAY = 2.5 ns;

 1 net analyzed, 0 failing nets detected.
 0 timing errors detected.
 Maximum net delay is   2.138ns.
--------------------------------------------------------------------------------

================================================================================
Timing constraint: NET         
"DDR_SDRAM/DDR_SDRAM/mpmc_core_0/gen_s3_ddr_phy.mpmc_phy_if_0/data_path/
data_read/fifo_1_wr_addr_out<1><3>"         MAXDELAY = 2.5 ns;

 1 net analyzed, 0 failing nets detected.
 0 timing errors detected.
 Maximum net delay is   2.342ns.
--------------------------------------------------------------------------------

================================================================================
Timing constraint: NET         
"DDR_SDRAM/DDR_SDRAM/mpmc_core_0/gen_s3_ddr_phy.mpmc_phy_if_0/data_path/
data_read/fifo_1_wr_addr_out<1><1>"         MAXDELAY = 2.5 ns;

 1 net analyzed, 0 failing nets detected.
 0 timing errors detected.
 Maximum net delay is   2.077ns.
--------------------------------------------------------------------------------

================================================================================
Timing constraint: NET 
"DDR_SDRAM/DDR_SDRAM/mpmc_core_0/gen_s3_ddr_phy.mpmc_phy_if_0/dqs_div_rst"      
   MAXDELAY = 4.5 ns;

 1 net analyzed, 0 failing nets detected.
 0 timing errors detected.
 Maximum net delay is   3.951ns.
--------------------------------------------------------------------------------

================================================================================
Timing constraint: NET 
"DDR_SDRAM/DDR_SDRAM/mpmc_core_0/gen_s3_ddr_phy.mpmc_phy_if_0/dq<8>"         
MAXDELAY = 0.48 ns;

 1 net analyzed, 0 failing nets detected.
 0 timing errors detected.
 Maximum net delay is   0.418ns.
--------------------------------------------------------------------------------

================================================================================
Timing constraint: NET         
"DDR_SDRAM/DDR_SDRAM/mpmc_core_0/gen_s3_ddr_phy.mpmc_phy_if_0/data_path/
dqs_delayed_col1<1>"         MAXDELAY = 2 ns;

 1 net analyzed, 0 failing nets detected.
 0 timing errors detected.
 Maximum net delay is   1.928ns.
--------------------------------------------------------------------------------

================================================================================
Timing constraint: NET         
"DDR_SDRAM/DDR_SDRAM/mpmc_core_0/gen_s3_ddr_phy.mpmc_phy_if_0/data_path/
data_read/fifo_0_data_out<8>"         MAXDELAY = 2 ns;

 1 net analyzed, 0 failing nets detected.
 0 timing errors detected.
 Maximum net delay is   1.765ns.
--------------------------------------------------------------------------------

================================================================================
Timing constraint: NET 
"DDR_SDRAM/DDR_SDRAM/mpmc_core_0/gen_s3_ddr_phy.mpmc_phy_if_0/dq<9>"         
MAXDELAY = 0.48 ns;

 1 net analyzed, 0 failing nets detected.
 0 timing errors detected.
 Maximum net delay is   0.469ns.
--------------------------------------------------------------------------------

================================================================================
Timing constraint: NET         
"DDR_SDRAM/DDR_SDRAM/mpmc_core_0/gen_s3_ddr_phy.mpmc_phy_if_0/data_path/
dqs_delayed_col0<1>"         MAXDELAY = 2 ns;

 1 net analyzed, 0 failing nets detected.
 0 timing errors detected.
 Maximum net delay is   1.932ns.
--------------------------------------------------------------------------------

================================================================================
Timing constraint: NET         
"DDR_SDRAM/DDR_SDRAM/mpmc_core_0/gen_s3_ddr_phy.mpmc_phy_if_0/data_path/
data_read/fifo_0_data_out<9>"         MAXDELAY = 2 ns;

 1 net analyzed, 0 failing nets detected.
 0 timing errors detected.
 Maximum net delay is   1.363ns.
--------------------------------------------------------------------------------

================================================================================
Timing constraint: NET 
"DDR_SDRAM/DDR_SDRAM/mpmc_core_0/gen_s3_ddr_phy.mpmc_phy_if_0/dq<10>"         
MAXDELAY = 0.48 ns;

 1 net analyzed, 0 failing nets detected.
 0 timing errors detected.
 Maximum net delay is   0.418ns.
--------------------------------------------------------------------------------

================================================================================
Timing constraint: NET         
"DDR_SDRAM/DDR_SDRAM/mpmc_core_0/gen_s3_ddr_phy.mpmc_phy_if_0/data_path/
data_read/fifo_0_data_out<10>"         MAXDELAY = 2 ns;

 1 net analyzed, 0 failing nets detected.
 0 timing errors detected.
 Maximum net delay is   1.902ns.
--------------------------------------------------------------------------------

================================================================================
Timing constraint: NET 
"DDR_SDRAM/DDR_SDRAM/mpmc_core_0/gen_s3_ddr_phy.mpmc_phy_if_0/dq<11>"         
MAXDELAY = 0.48 ns;

 1 net analyzed, 0 failing nets detected.
 0 timing errors detected.
 Maximum net delay is   0.469ns.
--------------------------------------------------------------------------------

================================================================================
Timing constraint: NET         
"DDR_SDRAM/DDR_SDRAM/mpmc_core_0/gen_s3_ddr_phy.mpmc_phy_if_0/data_path/
data_read/fifo_0_data_out<11>"         MAXDELAY = 2 ns;

 1 net analyzed, 0 failing nets detected.
 0 timing errors detected.
 Maximum net delay is   0.989ns.
--------------------------------------------------------------------------------

================================================================================
Timing constraint: NET 
"DDR_SDRAM/DDR_SDRAM/mpmc_core_0/gen_s3_ddr_phy.mpmc_phy_if_0/dq<12>"         
MAXDELAY = 0.48 ns;

 1 net analyzed, 0 failing nets detected.
 0 timing errors detected.
 Maximum net delay is   0.418ns.
--------------------------------------------------------------------------------

================================================================================
Timing constraint: NET         
"DDR_SDRAM/DDR_SDRAM/mpmc_core_0/gen_s3_ddr_phy.mpmc_phy_if_0/data_path/
data_read/fifo_0_data_out<12>"         MAXDELAY = 2 ns;

 1 net analyzed, 0 failing nets detected.
 0 timing errors detected.
 Maximum net delay is   1.359ns.
--------------------------------------------------------------------------------

================================================================================
Timing constraint: NET 
"DDR_SDRAM/DDR_SDRAM/mpmc_core_0/gen_s3_ddr_phy.mpmc_phy_if_0/dq<13>"         
MAXDELAY = 0.48 ns;

 1 net analyzed, 0 failing nets detected.
 0 timing errors detected.
 Maximum net delay is   0.469ns.
--------------------------------------------------------------------------------

================================================================================
Timing constraint: NET         
"DDR_SDRAM/DDR_SDRAM/mpmc_core_0/gen_s3_ddr_phy.mpmc_phy_if_0/data_path/
data_read/fifo_0_data_out<13>"         MAXDELAY = 2 ns;

 1 net analyzed, 0 failing nets detected.
 0 timing errors detected.
 Maximum net delay is   1.004ns.
--------------------------------------------------------------------------------

================================================================================
Timing constraint: NET 
"DDR_SDRAM/DDR_SDRAM/mpmc_core_0/gen_s3_ddr_phy.mpmc_phy_if_0/dq<14>"         
MAXDELAY = 0.48 ns;

 1 net analyzed, 0 failing nets detected.
 0 timing errors detected.
 Maximum net delay is   0.418ns.
--------------------------------------------------------------------------------

================================================================================
Timing constraint: NET         
"DDR_SDRAM/DDR_SDRAM/mpmc_core_0/gen_s3_ddr_phy.mpmc_phy_if_0/data_path/
data_read/fifo_0_data_out<14>"         MAXDELAY = 2 ns;

 1 net analyzed, 0 failing nets detected.
 0 timing errors detected.
 Maximum net delay is   0.655ns.
--------------------------------------------------------------------------------

================================================================================
Timing constraint: NET 
"DDR_SDRAM/DDR_SDRAM/mpmc_core_0/gen_s3_ddr_phy.mpmc_phy_if_0/dq<15>"         
MAXDELAY = 0.48 ns;

 1 net analyzed, 0 failing nets detected.
 0 timing errors detected.
 Maximum net delay is   0.469ns.
--------------------------------------------------------------------------------

================================================================================
Timing constraint: NET         
"DDR_SDRAM/DDR_SDRAM/mpmc_core_0/gen_s3_ddr_phy.mpmc_phy_if_0/data_path/
data_read/fifo_0_data_out<15>"         MAXDELAY = 2 ns;

 1 net analyzed, 0 failing nets detected.
 0 timing errors detected.
 Maximum net delay is   1.020ns.
--------------------------------------------------------------------------------

================================================================================
Timing constraint: NET         
"DDR_SDRAM/DDR_SDRAM/mpmc_core_0/gen_s3_ddr_phy.mpmc_phy_if_0/data_path/
data_read/fifo_1_data_out<8>"         MAXDELAY = 2 ns;

 1 net analyzed, 0 failing nets detected.
 0 timing errors detected.
 Maximum net delay is   1.484ns.
--------------------------------------------------------------------------------

================================================================================
Timing constraint: NET         
"DDR_SDRAM/DDR_SDRAM/mpmc_core_0/gen_s3_ddr_phy.mpmc_phy_if_0/data_path/
data_read/fifo_1_data_out<9>"         MAXDELAY = 2 ns;

 1 net analyzed, 0 failing nets detected.
 0 timing errors detected.
 Maximum net delay is   0.964ns.
--------------------------------------------------------------------------------

================================================================================
Timing constraint: NET         
"DDR_SDRAM/DDR_SDRAM/mpmc_core_0/gen_s3_ddr_phy.mpmc_phy_if_0/data_path/
data_read/fifo_1_data_out<10>"         MAXDELAY = 2 ns;

 1 net analyzed, 0 failing nets detected.
 0 timing errors detected.
 Maximum net delay is   0.441ns.
--------------------------------------------------------------------------------

================================================================================
Timing constraint: NET         
"DDR_SDRAM/DDR_SDRAM/mpmc_core_0/gen_s3_ddr_phy.mpmc_phy_if_0/data_path/
data_read/fifo_1_data_out<11>"         MAXDELAY = 2 ns;

 1 net analyzed, 0 failing nets detected.
 0 timing errors detected.
 Maximum net delay is   1.030ns.
--------------------------------------------------------------------------------

================================================================================
Timing constraint: NET         
"DDR_SDRAM/DDR_SDRAM/mpmc_core_0/gen_s3_ddr_phy.mpmc_phy_if_0/data_path/
data_read/fifo_1_data_out<12>"         MAXDELAY = 2 ns;

 1 net analyzed, 0 failing nets detected.
 0 timing errors detected.
 Maximum net delay is   0.620ns.
--------------------------------------------------------------------------------

================================================================================
Timing constraint: NET         
"DDR_SDRAM/DDR_SDRAM/mpmc_core_0/gen_s3_ddr_phy.mpmc_phy_if_0/data_path/
data_read/fifo_1_data_out<13>"         MAXDELAY = 2 ns;

 1 net analyzed, 0 failing nets detected.
 0 timing errors detected.
 Maximum net delay is   0.774ns.
--------------------------------------------------------------------------------

================================================================================
Timing constraint: NET         
"DDR_SDRAM/DDR_SDRAM/mpmc_core_0/gen_s3_ddr_phy.mpmc_phy_if_0/data_path/
data_read/fifo_1_data_out<14>"         MAXDELAY = 2 ns;

 1 net analyzed, 0 failing nets detected.
 0 timing errors detected.
 Maximum net delay is   0.617ns.
--------------------------------------------------------------------------------

================================================================================
Timing constraint: NET         
"DDR_SDRAM/DDR_SDRAM/mpmc_core_0/gen_s3_ddr_phy.mpmc_phy_if_0/data_path/
data_read/fifo_1_data_out<15>"         MAXDELAY = 2 ns;

 1 net analyzed, 0 failing nets detected.
 0 timing errors detected.
 Maximum net delay is   0.933ns.
--------------------------------------------------------------------------------

================================================================================
Timing constraint: NET 
"DDR_SDRAM/DDR_SDRAM/mpmc_core_0/gen_s3_ddr_phy.mpmc_phy_if_0/dq<0>"         
MAXDELAY = 0.48 ns;

 1 net analyzed, 0 failing nets detected.
 0 timing errors detected.
 Maximum net delay is   0.469ns.
--------------------------------------------------------------------------------

================================================================================
Timing constraint: NET         
"DDR_SDRAM/DDR_SDRAM/mpmc_core_0/gen_s3_ddr_phy.mpmc_phy_if_0/data_path/
dqs_delayed_col0<0>"         MAXDELAY = 2 ns;

 1 net analyzed, 0 failing nets detected.
 0 timing errors detected.
 Maximum net delay is   0.367ns.
--------------------------------------------------------------------------------

================================================================================
Timing constraint: NET         
"DDR_SDRAM/DDR_SDRAM/mpmc_core_0/gen_s3_ddr_phy.mpmc_phy_if_0/data_path/
data_read/fifo_0_data_out<0>"         MAXDELAY = 2 ns;

 1 net analyzed, 0 failing nets detected.
 0 timing errors detected.
 Maximum net delay is   1.018ns.
--------------------------------------------------------------------------------

================================================================================
Timing constraint: NET 
"DDR_SDRAM/DDR_SDRAM/mpmc_core_0/gen_s3_ddr_phy.mpmc_phy_if_0/dq<1>"         
MAXDELAY = 0.48 ns;

 1 net analyzed, 0 failing nets detected.
 0 timing errors detected.
 Maximum net delay is   0.418ns.
--------------------------------------------------------------------------------

================================================================================
Timing constraint: NET         
"DDR_SDRAM/DDR_SDRAM/mpmc_core_0/gen_s3_ddr_phy.mpmc_phy_if_0/data_path/
dqs_delayed_col1<0>"         MAXDELAY = 2 ns;

 1 net analyzed, 0 failing nets detected.
 0 timing errors detected.
 Maximum net delay is   0.367ns.
--------------------------------------------------------------------------------

================================================================================
Timing constraint: NET         
"DDR_SDRAM/DDR_SDRAM/mpmc_core_0/gen_s3_ddr_phy.mpmc_phy_if_0/data_path/
data_read/fifo_0_data_out<1>"         MAXDELAY = 2 ns;

 1 net analyzed, 0 failing nets detected.
 0 timing errors detected.
 Maximum net delay is   1.022ns.
--------------------------------------------------------------------------------

================================================================================
Timing constraint: NET 
"DDR_SDRAM/DDR_SDRAM/mpmc_core_0/gen_s3_ddr_phy.mpmc_phy_if_0/dq<2>"         
MAXDELAY = 0.48 ns;

 1 net analyzed, 0 failing nets detected.
 0 timing errors detected.
 Maximum net delay is   0.418ns.
--------------------------------------------------------------------------------

================================================================================
Timing constraint: NET         
"DDR_SDRAM/DDR_SDRAM/mpmc_core_0/gen_s3_ddr_phy.mpmc_phy_if_0/data_path/
data_read/fifo_0_data_out<2>"         MAXDELAY = 2 ns;

 1 net analyzed, 0 failing nets detected.
 0 timing errors detected.
 Maximum net delay is   0.897ns.
--------------------------------------------------------------------------------

================================================================================
Timing constraint: NET 
"DDR_SDRAM/DDR_SDRAM/mpmc_core_0/gen_s3_ddr_phy.mpmc_phy_if_0/dq<3>"         
MAXDELAY = 0.48 ns;

 1 net analyzed, 0 failing nets detected.
 0 timing errors detected.
 Maximum net delay is   0.469ns.
--------------------------------------------------------------------------------

================================================================================
Timing constraint: NET         
"DDR_SDRAM/DDR_SDRAM/mpmc_core_0/gen_s3_ddr_phy.mpmc_phy_if_0/data_path/
data_read/fifo_0_data_out<3>"         MAXDELAY = 2 ns;

 1 net analyzed, 0 failing nets detected.
 0 timing errors detected.
 Maximum net delay is   1.020ns.
--------------------------------------------------------------------------------

================================================================================
Timing constraint: NET 
"DDR_SDRAM/DDR_SDRAM/mpmc_core_0/gen_s3_ddr_phy.mpmc_phy_if_0/dq<4>"         
MAXDELAY = 0.48 ns;

 1 net analyzed, 0 failing nets detected.
 0 timing errors detected.
 Maximum net delay is   0.469ns.
--------------------------------------------------------------------------------

================================================================================
Timing constraint: NET         
"DDR_SDRAM/DDR_SDRAM/mpmc_core_0/gen_s3_ddr_phy.mpmc_phy_if_0/data_path/
data_read/fifo_0_data_out<4>"         MAXDELAY = 2 ns;

 1 net analyzed, 0 failing nets detected.
 0 timing errors detected.
 Maximum net delay is   0.931ns.
--------------------------------------------------------------------------------

================================================================================
Timing constraint: NET 
"DDR_SDRAM/DDR_SDRAM/mpmc_core_0/gen_s3_ddr_phy.mpmc_phy_if_0/dq<5>"         
MAXDELAY = 0.48 ns;

 1 net analyzed, 0 failing nets detected.
 0 timing errors detected.
 Maximum net delay is   0.418ns.
--------------------------------------------------------------------------------

================================================================================
Timing constraint: NET         
"DDR_SDRAM/DDR_SDRAM/mpmc_core_0/gen_s3_ddr_phy.mpmc_phy_if_0/data_path/
data_read/fifo_0_data_out<5>"         MAXDELAY = 2 ns;

 1 net analyzed, 0 failing nets detected.
 0 timing errors detected.
 Maximum net delay is   0.612ns.
--------------------------------------------------------------------------------

================================================================================
Timing constraint: NET 
"DDR_SDRAM/DDR_SDRAM/mpmc_core_0/gen_s3_ddr_phy.mpmc_phy_if_0/dq<6>"         
MAXDELAY = 0.48 ns;

 1 net analyzed, 0 failing nets detected.
 0 timing errors detected.
 Maximum net delay is   0.418ns.
--------------------------------------------------------------------------------

================================================================================
Timing constraint: NET         
"DDR_SDRAM/DDR_SDRAM/mpmc_core_0/gen_s3_ddr_phy.mpmc_phy_if_0/data_path/
data_read/fifo_0_data_out<6>"         MAXDELAY = 2 ns;

 1 net analyzed, 0 failing nets detected.
 0 timing errors detected.
 Maximum net delay is   0.647ns.
--------------------------------------------------------------------------------

================================================================================
Timing constraint: NET 
"DDR_SDRAM/DDR_SDRAM/mpmc_core_0/gen_s3_ddr_phy.mpmc_phy_if_0/dq<7>"         
MAXDELAY = 0.48 ns;

 1 net analyzed, 0 failing nets detected.
 0 timing errors detected.
 Maximum net delay is   0.469ns.
--------------------------------------------------------------------------------

================================================================================
Timing constraint: NET         
"DDR_SDRAM/DDR_SDRAM/mpmc_core_0/gen_s3_ddr_phy.mpmc_phy_if_0/data_path/
data_read/fifo_0_data_out<7>"         MAXDELAY = 2 ns;

 1 net analyzed, 0 failing nets detected.
 0 timing errors detected.
 Maximum net delay is   0.440ns.
--------------------------------------------------------------------------------

================================================================================
Timing constraint: NET         
"DDR_SDRAM/DDR_SDRAM/mpmc_core_0/gen_s3_ddr_phy.mpmc_phy_if_0/data_path/
data_read/fifo_1_data_out<0>"         MAXDELAY = 2 ns;

 1 net analyzed, 0 failing nets detected.
 0 timing errors detected.
 Maximum net delay is   0.654ns.
--------------------------------------------------------------------------------

================================================================================
Timing constraint: NET         
"DDR_SDRAM/DDR_SDRAM/mpmc_core_0/gen_s3_ddr_phy.mpmc_phy_if_0/data_path/
data_read/fifo_1_data_out<1>"         MAXDELAY = 2 ns;

 1 net analyzed, 0 failing nets detected.
 0 timing errors detected.
 Maximum net delay is   0.653ns.
--------------------------------------------------------------------------------

================================================================================
Timing constraint: NET         
"DDR_SDRAM/DDR_SDRAM/mpmc_core_0/gen_s3_ddr_phy.mpmc_phy_if_0/data_path/
data_read/fifo_1_data_out<2>"         MAXDELAY = 2 ns;

 1 net analyzed, 0 failing nets detected.
 0 timing errors detected.
 Maximum net delay is   0.653ns.
--------------------------------------------------------------------------------

================================================================================
Timing constraint: NET         
"DDR_SDRAM/DDR_SDRAM/mpmc_core_0/gen_s3_ddr_phy.mpmc_phy_if_0/data_path/
data_read/fifo_1_data_out<3>"         MAXDELAY = 2 ns;

 1 net analyzed, 0 failing nets detected.
 0 timing errors detected.
 Maximum net delay is   0.650ns.
--------------------------------------------------------------------------------

================================================================================
Timing constraint: NET         
"DDR_SDRAM/DDR_SDRAM/mpmc_core_0/gen_s3_ddr_phy.mpmc_phy_if_0/data_path/
data_read/fifo_1_data_out<4>"         MAXDELAY = 2 ns;

 1 net analyzed, 0 failing nets detected.
 0 timing errors detected.
 Maximum net delay is   0.721ns.
--------------------------------------------------------------------------------

================================================================================
Timing constraint: NET         
"DDR_SDRAM/DDR_SDRAM/mpmc_core_0/gen_s3_ddr_phy.mpmc_phy_if_0/data_path/
data_read/fifo_1_data_out<5>"         MAXDELAY = 2 ns;

 1 net analyzed, 0 failing nets detected.
 0 timing errors detected.
 Maximum net delay is   0.654ns.
--------------------------------------------------------------------------------

================================================================================
Timing constraint: NET         
"DDR_SDRAM/DDR_SDRAM/mpmc_core_0/gen_s3_ddr_phy.mpmc_phy_if_0/data_path/
data_read/fifo_1_data_out<6>"         MAXDELAY = 2 ns;

 1 net analyzed, 0 failing nets detected.
 0 timing errors detected.
 Maximum net delay is   0.721ns.
--------------------------------------------------------------------------------

================================================================================
Timing constraint: NET         
"DDR_SDRAM/DDR_SDRAM/mpmc_core_0/gen_s3_ddr_phy.mpmc_phy_if_0/data_path/
data_read/fifo_1_data_out<7>"         MAXDELAY = 2 ns;

 1 net analyzed, 0 failing nets detected.
 0 timing errors detected.
 Maximum net delay is   0.901ns.
--------------------------------------------------------------------------------

================================================================================
Timing constraint: NET         
"DDR_SDRAM/DDR_SDRAM/mpmc_core_0/gen_s3_ddr_phy.mpmc_phy_if_0/data_path/
data_read_controller/gen_dqs[1]..u_dqs_delay_col0/delay5"         MAXDELAY = 
0.2 ns;

 1 net analyzed, 0 failing nets detected.
 0 timing errors detected.
 Maximum net delay is   0.119ns.
--------------------------------------------------------------------------------

================================================================================
Timing constraint: NET         
"DDR_SDRAM/DDR_SDRAM/mpmc_core_0/gen_s3_ddr_phy.mpmc_phy_if_0/data_path/
data_read_controller/gen_dqs[1]..u_dqs_delay_col0/delay3"         MAXDELAY = 
0.2 ns;

 1 net analyzed, 0 failing nets detected.
 0 timing errors detected.
 Maximum net delay is   0.110ns.
--------------------------------------------------------------------------------

================================================================================
Timing constraint: NET         
"DDR_SDRAM/DDR_SDRAM/mpmc_core_0/gen_s3_ddr_phy.mpmc_phy_if_0/data_path/
data_read_controller/gen_dqs[1]..u_dqs_delay_col0/delay4"         MAXDELAY = 
0.2 ns;

 1 net analyzed, 0 failing nets detected.
 0 timing errors detected.
 Maximum net delay is   0.075ns.
--------------------------------------------------------------------------------

================================================================================
Timing constraint: NET         
"DDR_SDRAM/DDR_SDRAM/mpmc_core_0/gen_s3_ddr_phy.mpmc_phy_if_0/
dqs_int_delay_in<1>"         MAXDELAY = 0.46 ns;

 1 net analyzed, 0 failing nets detected.
 0 timing errors detected.
 Maximum net delay is   0.354ns.
--------------------------------------------------------------------------------

================================================================================
Timing constraint: NET         
"DDR_SDRAM/DDR_SDRAM/mpmc_core_0/gen_s3_ddr_phy.mpmc_phy_if_0/data_path/
data_read_controller/gen_dqs[1]..u_dqs_delay_col1/delay5"         MAXDELAY = 
0.2 ns;

 1 net analyzed, 0 failing nets detected.
 0 timing errors detected.
 Maximum net delay is   0.119ns.
--------------------------------------------------------------------------------

================================================================================
Timing constraint: NET         
"DDR_SDRAM/DDR_SDRAM/mpmc_core_0/gen_s3_ddr_phy.mpmc_phy_if_0/data_path/
data_read_controller/gen_dqs[1]..u_dqs_delay_col1/delay3"         MAXDELAY = 
0.2 ns;

 1 net analyzed, 0 failing nets detected.
 0 timing errors detected.
 Maximum net delay is   0.110ns.
--------------------------------------------------------------------------------

================================================================================
Timing constraint: NET         
"DDR_SDRAM/DDR_SDRAM/mpmc_core_0/gen_s3_ddr_phy.mpmc_phy_if_0/data_path/
data_read_controller/gen_dqs[1]..u_dqs_delay_col1/delay4"         MAXDELAY = 
0.2 ns;

 1 net analyzed, 0 failing nets detected.
 0 timing errors detected.
 Maximum net delay is   0.075ns.
--------------------------------------------------------------------------------

================================================================================
Timing constraint: NET         
"DDR_SDRAM/DDR_SDRAM/mpmc_core_0/gen_s3_ddr_phy.mpmc_phy_if_0/data_path/
data_read_controller/gen_dqs[0]..u_dqs_delay_col0/delay5"         MAXDELAY = 
0.2 ns;

 1 net analyzed, 0 failing nets detected.
 0 timing errors detected.
 Maximum net delay is   0.119ns.
--------------------------------------------------------------------------------

================================================================================
Timing constraint: NET         
"DDR_SDRAM/DDR_SDRAM/mpmc_core_0/gen_s3_ddr_phy.mpmc_phy_if_0/data_path/
data_read_controller/gen_dqs[0]..u_dqs_delay_col0/delay3"         MAXDELAY = 
0.2 ns;

 1 net analyzed, 0 failing nets detected.
 0 timing errors detected.
 Maximum net delay is   0.110ns.
--------------------------------------------------------------------------------

================================================================================
Timing constraint: NET         
"DDR_SDRAM/DDR_SDRAM/mpmc_core_0/gen_s3_ddr_phy.mpmc_phy_if_0/data_path/
data_read_controller/gen_dqs[0]..u_dqs_delay_col0/delay4"         MAXDELAY = 
0.2 ns;

 1 net analyzed, 0 failing nets detected.
 0 timing errors detected.
 Maximum net delay is   0.075ns.
--------------------------------------------------------------------------------

================================================================================
Timing constraint: NET         
"DDR_SDRAM/DDR_SDRAM/mpmc_core_0/gen_s3_ddr_phy.mpmc_phy_if_0/data_path/
data_read_controller/gen_dqs[0]..u_dqs_delay_col0/delay1"         MAXDELAY = 
0.2 ns;

 1 net analyzed, 0 failing nets detected.
 0 timing errors detected.
 Maximum net delay is   0.122ns.
--------------------------------------------------------------------------------

================================================================================
Timing constraint: NET         
"DDR_SDRAM/DDR_SDRAM/mpmc_core_0/gen_s3_ddr_phy.mpmc_phy_if_0/data_path/
data_read_controller/gen_dqs[0]..u_dqs_delay_col0/delay2"         MAXDELAY = 
0.2 ns;

 1 net analyzed, 0 failing nets detected.
 0 timing errors detected.
 Maximum net delay is   0.195ns.
--------------------------------------------------------------------------------

================================================================================
Timing constraint: NET         
"DDR_SDRAM/DDR_SDRAM/mpmc_core_0/gen_s3_ddr_phy.mpmc_phy_if_0/
dqs_int_delay_in<0>"         MAXDELAY = 0.46 ns;

 1 net analyzed, 0 failing nets detected.
 0 timing errors detected.
 Maximum net delay is   0.329ns.
--------------------------------------------------------------------------------

================================================================================
Timing constraint: NET         
"DDR_SDRAM/DDR_SDRAM/mpmc_core_0/gen_s3_ddr_phy.mpmc_phy_if_0/data_path/
data_read_controller/gen_dqs[0]..u_dqs_delay_col1/delay5"         MAXDELAY = 
0.2 ns;

 1 net analyzed, 0 failing nets detected.
 0 timing errors detected.
 Maximum net delay is   0.119ns.
--------------------------------------------------------------------------------

================================================================================
Timing constraint: NET         
"DDR_SDRAM/DDR_SDRAM/mpmc_core_0/gen_s3_ddr_phy.mpmc_phy_if_0/data_path/
data_read_controller/gen_dqs[0]..u_dqs_delay_col1/delay3"         MAXDELAY = 
0.2 ns;

 1 net analyzed, 0 failing nets detected.
 0 timing errors detected.
 Maximum net delay is   0.110ns.
--------------------------------------------------------------------------------

================================================================================
Timing constraint: NET         
"DDR_SDRAM/DDR_SDRAM/mpmc_core_0/gen_s3_ddr_phy.mpmc_phy_if_0/data_path/
data_read_controller/gen_dqs[0]..u_dqs_delay_col1/delay4"         MAXDELAY = 
0.2 ns;

 1 net analyzed, 0 failing nets detected.
 0 timing errors detected.
 Maximum net delay is   0.075ns.
--------------------------------------------------------------------------------

================================================================================
Timing constraint: NET         
"DDR_SDRAM/DDR_SDRAM/mpmc_core_0/gen_s3_ddr_phy.mpmc_phy_if_0/data_path/
data_read_controller/gen_dqs[0]..u_dqs_delay_col1/delay1"         MAXDELAY = 
0.2 ns;

 1 net analyzed, 0 failing nets detected.
 0 timing errors detected.
 Maximum net delay is   0.122ns.
--------------------------------------------------------------------------------

================================================================================
Timing constraint: NET         
"DDR_SDRAM/DDR_SDRAM/mpmc_core_0/gen_s3_ddr_phy.mpmc_phy_if_0/data_path/
data_read_controller/gen_dqs[0]..u_dqs_delay_col1/delay2"         MAXDELAY = 
0.2 ns;

 1 net analyzed, 0 failing nets detected.
 0 timing errors detected.
 Maximum net delay is   0.195ns.
--------------------------------------------------------------------------------

================================================================================
Timing constraint: NET         
"DDR_SDRAM/DDR_SDRAM/mpmc_core_0/gen_s3_ddr_phy.mpmc_phy_if_0/data_path/
data_read_controller/.rst_dqs_div_delayed/delay5"         MAXDELAY = 2 ns;

 1 net analyzed, 0 failing nets detected.
 0 timing errors detected.
 Maximum net delay is   0.072ns.
--------------------------------------------------------------------------------

================================================================================
Timing constraint: PATH "TS_SPLB2MPLB_xps_tft_0_path" TIG;

 1 path analyzed, 1 endpoint analyzed, 0 failing endpoints
 0 timing errors detected. (0 setup errors, 0 hold errors)
--------------------------------------------------------------------------------

================================================================================
Timing constraint: PATH "TS_MPLB2TFT_xps_tft_0_path" TIG;

 0 paths analyzed, 0 endpoints analyzed, 0 failing endpoints
 0 timing errors detected.
--------------------------------------------------------------------------------

================================================================================
Timing constraint: PATH "TS_TFT_MPLB_CLOCK_xps_tft_0_path" TIG;

 3 paths analyzed, 3 endpoints analyzed, 0 failing endpoints
 0 timing errors detected. (0 setup errors, 0 hold errors)
--------------------------------------------------------------------------------

================================================================================
Timing constraint: TS_sys_clk_pin = PERIOD TIMEGRP "sys_clk_pin" 50 MHz HIGH 
50%;

 3 paths analyzed, 3 endpoints analyzed, 0 failing endpoints
 0 timing errors detected. (0 setup errors, 0 hold errors, 0 component switching limit errors)
 Minimum period is   6.000ns.
--------------------------------------------------------------------------------

================================================================================
Timing constraint: TS_clock_generator_0_clock_generator_0_SIG_DCM1_CLK0 = 
PERIOD TIMEGRP         "clock_generator_0_clock_generator_0_SIG_DCM1_CLK0" 
TS_sys_clk_pin         HIGH 50%;

 288581 paths analyzed, 12952 endpoints analyzed, 0 failing endpoints
 0 timing errors detected. (0 setup errors, 0 hold errors, 0 component switching limit errors)
 Minimum period is  18.176ns.
--------------------------------------------------------------------------------

================================================================================
Timing constraint: TS_clock_generator_0_clock_generator_0_SIG_DCM1_CLK2X = 
PERIOD TIMEGRP         "clock_generator_0_clock_generator_0_SIG_DCM1_CLK2X" 
TS_sys_clk_pin *         2 HIGH 50%;

 3 paths analyzed, 3 endpoints analyzed, 0 failing endpoints
 0 timing errors detected. (0 setup errors, 0 hold errors, 0 component switching limit errors)
 Minimum period is   4.800ns.
--------------------------------------------------------------------------------

================================================================================
Timing constraint: TS_clock_generator_0_clock_generator_0_SIG_DCM1_CLKDV = 
PERIOD TIMEGRP         "clock_generator_0_clock_generator_0_SIG_DCM1_CLKDV" 
TS_sys_clk_pin /         2 HIGH 50%;

 940 paths analyzed, 425 endpoints analyzed, 0 failing endpoints
 0 timing errors detected. (0 setup errors, 0 hold errors, 0 component switching limit errors)
 Minimum period is  14.882ns.
--------------------------------------------------------------------------------

================================================================================
Timing constraint: TS_clock_generator_0_clock_generator_0_SIG_DCM0_CLK0 = 
PERIOD TIMEGRP         "clock_generator_0_clock_generator_0_SIG_DCM0_CLK0"      
   TS_clock_generator_0_clock_generator_0_SIG_DCM1_CLK2X HIGH 50%;

 9922 paths analyzed, 2782 endpoints analyzed, 0 failing endpoints
 0 timing errors detected. (0 setup errors, 0 hold errors, 0 component switching limit errors)
 Minimum period is   9.789ns.
--------------------------------------------------------------------------------

================================================================================
Timing constraint: TS_clock_generator_0_clock_generator_0_SIG_DCM0_CLK90 = 
PERIOD TIMEGRP         "clock_generator_0_clock_generator_0_SIG_DCM0_CLK90"     
    TS_clock_generator_0_clock_generator_0_SIG_DCM1_CLK2X PHASE 2.5 ns         
HIGH 50%;

 533 paths analyzed, 437 endpoints analyzed, 0 failing endpoints
 0 timing errors detected. (0 setup errors, 0 hold errors, 0 component switching limit errors)
 Minimum period is   9.096ns.
--------------------------------------------------------------------------------


Derived Constraint Report
Derived Constraints for TS_sys_clk_pin
+-------------------------------+-------------+-------------+-------------+-------------+-------------+-------------+-------------+
|                               |   Period    |       Actual Period       |      Timing Errors        |      Paths Analyzed       |
|           Constraint          | Requirement |-------------+-------------|-------------+-------------|-------------+-------------|
|                               |             |   Direct    | Derivative  |   Direct    | Derivative  |   Direct    | Derivative  |
+-------------------------------+-------------+-------------+-------------+-------------+-------------+-------------+-------------+
|TS_sys_clk_pin                 |     20.000ns|      6.000ns|     19.578ns|            0|            0|            3|       299979|
| TS_clock_generator_0_clock_gen|     20.000ns|     18.176ns|          N/A|            0|            0|       288581|            0|
| erator_0_SIG_DCM1_CLK0        |             |             |             |             |             |             |             |
| TS_clock_generator_0_clock_gen|     10.000ns|      4.800ns|      9.789ns|            0|            0|            3|        10455|
| erator_0_SIG_DCM1_CLK2X       |             |             |             |             |             |             |             |
|  TS_clock_generator_0_clock_ge|     10.000ns|      9.789ns|          N/A|            0|            0|         9922|            0|
|  nerator_0_SIG_DCM0_CLK0      |             |             |             |             |             |             |             |
|  TS_clock_generator_0_clock_ge|     10.000ns|      9.096ns|          N/A|            0|            0|          533|            0|
|  nerator_0_SIG_DCM0_CLK90     |             |             |             |             |             |             |             |
| TS_clock_generator_0_clock_gen|     40.000ns|     14.882ns|          N/A|            0|            0|          940|            0|
| erator_0_SIG_DCM1_CLKDV       |             |             |             |             |             |             |             |
+-------------------------------+-------------+-------------+-------------+-------------+-------------+-------------+-------------+

All constraints were met.


Data Sheet report:
-----------------
All values displayed in nanoseconds (ns)

Clock to Setup on destination clock fpga_0_clk_1_sys_clk_pin
------------------------+---------+---------+---------+---------+
                        | Src:Rise| Src:Fall| Src:Rise| Src:Fall|
Source Clock            |Dest:Rise|Dest:Rise|Dest:Fall|Dest:Fall|
------------------------+---------+---------+---------+---------+
fpga_0_clk_1_sys_clk_pin|   18.022|    4.100|    7.441|    7.588|
------------------------+---------+---------+---------+---------+


Timing summary:
---------------

Timing errors: 0  Score: 0  (Setup/Max: 0, Hold: 0)

Constraints cover 299986 paths, 93 nets, and 27272 connections

Design statistics:
   Minimum period:  18.176ns   (Maximum frequency:  55.018MHz)
   Maximum net delay:   3.951ns


Analysis completed Wed Apr 02 08:10:07 2014 
--------------------------------------------------------------------------------

Trace Settings:
-------------------------
Trace Settings 

Peak Memory Usage: 290 MB



